[ 2016-06-07T17:31:19+08:00 ] ::1 /
INFO: [ app_init ] --START--
INFO: Run Behavior\BuildLiteBehavior [ RunTime:0.000009s ]
INFO: [ app_init ] --END-- [ RunTime:0.000190s ]
INFO: [ app_begin ] --START--
INFO: Run Behavior\ReadHtmlCacheBehavior [ RunTime:0.000242s ]
INFO: [ app_begin ] --END-- [ RunTime:0.000267s ]
INFO: [ view_parse ] --START--
INFO: [ template_filter ] --START--
INFO: Run Behavior\ContentReplaceBehavior [ RunTime:0.000024s ]
INFO: [ template_filter ] --END-- [ RunTime:0.000056s ]
NOTIC: [8] Undefined variable: outMusic /Users/Robin/Documents/Product/RobinWebSite/Jay/Runtime/Cache/Home/b6cc47dff5388cec632c947006fce958.php 第 17 行.
NOTIC: [8] Undefined variable: albums /Users/Robin/Documents/Product/RobinWebSite/Jay/Runtime/Cache/Home/b6cc47dff5388cec632c947006fce958.php 第 25 行.
NOTIC: [8] Undefined variable: outMusic /Users/Robin/Documents/Product/RobinWebSite/Jay/Runtime/Cache/Home/b6cc47dff5388cec632c947006fce958.php 第 39 行.
NOTIC: [8] Undefined variable: outMusic /Users/Robin/Documents/Product/RobinWebSite/Jay/Runtime/Cache/Home/b6cc47dff5388cec632c947006fce958.php 第 39 行.
INFO: Run Behavior\ParseTemplateBehavior [ RunTime:0.004657s ]
INFO: [ view_parse ] --END-- [ RunTime:0.004682s ]
INFO: [ view_filter ] --START--
INFO: Run Behavior\WriteHtmlCacheBehavior [ RunTime:0.000127s ]
INFO: [ view_filter ] --END-- [ RunTime:0.000164s ]
INFO: [ app_end ] --START--
INFO: Run Behavior\ShowPageTraceBehavior [ RunTime:0.000355s ]
INFO: [ app_end ] --END-- [ RunTime:0.000402s ]

[ 2016-06-07T17:38:18+08:00 ] ::1 /
INFO: [ app_init ] --START--
INFO: Run Behavior\BuildLiteBehavior [ RunTime:0.000009s ]
INFO: [ app_init ] --END-- [ RunTime:0.000200s ]
INFO: [ app_begin ] --START--
INFO: Run Behavior\ReadHtmlCacheBehavior [ RunTime:0.000224s ]
INFO: [ app_begin ] --END-- [ RunTime:0.000249s ]
INFO: [ view_parse ] --START--
INFO: [ template_filter ] --START--
INFO: Run Behavior\ContentReplaceBehavior [ RunTime:0.000019s ]
INFO: [ template_filter ] --END-- [ RunTime:0.000043s ]
NOTIC: [8] Undefined variable: outMusic /Users/Robin/Documents/Product/RobinWebSite/Jay/Runtime/Cache/Home/b6cc47dff5388cec632c947006fce958.php 第 17 行.
NOTIC: [8] Undefined variable: albums /Users/Robin/Documents/Product/RobinWebSite/Jay/Runtime/Cache/Home/b6cc47dff5388cec632c947006fce958.php 第 25 行.
NOTIC: [8] Undefined variable: outMusic /Users/Robin/Documents/Product/RobinWebSite/Jay/Runtime/Cache/Home/b6cc47dff5388cec632c947006fce958.php 第 39 行.
NOTIC: [8] Undefined variable: outMusic /Users/Robin/Documents/Product/RobinWebSite/Jay/Runtime/Cache/Home/b6cc47dff5388cec632c947006fce958.php 第 39 行.
INFO: Run Behavior\ParseTemplateBehavior [ RunTime:0.003899s ]
INFO: [ view_parse ] --END-- [ RunTime:0.003923s ]
INFO: [ view_filter ] --START--
INFO: Run Behavior\WriteHtmlCacheBehavior [ RunTime:0.000085s ]
INFO: [ view_filter ] --END-- [ RunTime:0.000106s ]
INFO: [ app_end ] --START--
INFO: Run Behavior\ShowPageTraceBehavior [ RunTime:0.000235s ]
INFO: [ app_end ] --END-- [ RunTime:0.000257s ]

[ 2016-06-07T17:38:25+08:00 ] ::1 /
INFO: [ app_init ] --START--
INFO: Run Behavior\BuildLiteBehavior [ RunTime:0.000007s ]
INFO: [ app_init ] --END-- [ RunTime:0.000179s ]
INFO: [ app_begin ] --START--
INFO: Run Behavior\ReadHtmlCacheBehavior [ RunTime:0.000225s ]
INFO: [ app_begin ] --END-- [ RunTime:0.000251s ]
INFO: [ view_parse ] --START--
INFO: [ template_filter ] --START--
INFO: Run Behavior\ContentReplaceBehavior [ RunTime:0.000024s ]
INFO: [ template_filter ] --END-- [ RunTime:0.000058s ]
NOTIC: [8] Undefined variable: outMusic /Users/Robin/Documents/Product/RobinWebSite/Jay/Runtime/Cache/Home/b6cc47dff5388cec632c947006fce958.php 第 17 行.
NOTIC: [8] Undefined variable: albums /Users/Robin/Documents/Product/RobinWebSite/Jay/Runtime/Cache/Home/b6cc47dff5388cec632c947006fce958.php 第 25 行.
NOTIC: [8] Undefined variable: outMusic /Users/Robin/Documents/Product/RobinWebSite/Jay/Runtime/Cache/Home/b6cc47dff5388cec632c947006fce958.php 第 39 行.
NOTIC: [8] Undefined variable: outMusic /Users/Robin/Documents/Product/RobinWebSite/Jay/Runtime/Cache/Home/b6cc47dff5388cec632c947006fce958.php 第 39 行.
INFO: Run Behavior\ParseTemplateBehavior [ RunTime:0.004056s ]
INFO: [ view_parse ] --END-- [ RunTime:0.004079s ]
INFO: [ view_filter ] --START--
INFO: Run Behavior\WriteHtmlCacheBehavior [ RunTime:0.000087s ]
INFO: [ view_filter ] --END-- [ RunTime:0.000106s ]
INFO: [ app_end ] --START--
INFO: Run Behavior\ShowPageTraceBehavior [ RunTime:0.000307s ]
INFO: [ app_end ] --END-- [ RunTime:0.000331s ]

[ 2016-06-07T17:39:30+08:00 ] ::1 /
INFO: [ app_init ] --START--
INFO: Run Behavior\BuildLiteBehavior [ RunTime:0.000008s ]
INFO: [ app_init ] --END-- [ RunTime:0.000179s ]
INFO: [ app_begin ] --START--
INFO: Run Behavior\ReadHtmlCacheBehavior [ RunTime:0.000229s ]
INFO: [ app_begin ] --END-- [ RunTime:0.000254s ]
INFO: [ view_parse ] --START--
INFO: [ template_filter ] --START--
INFO: Run Behavior\ContentReplaceBehavior [ RunTime:0.000042s ]
INFO: [ template_filter ] --END-- [ RunTime:0.000110s ]
NOTIC: [8] Undefined variable: outMusic /Users/Robin/Documents/Product/RobinWebSite/Jay/Runtime/Cache/Home/b6cc47dff5388cec632c947006fce958.php 第 17 行.
NOTIC: [8] Undefined variable: albums /Users/Robin/Documents/Product/RobinWebSite/Jay/Runtime/Cache/Home/b6cc47dff5388cec632c947006fce958.php 第 25 行.
NOTIC: [8] Undefined variable: outMusic /Users/Robin/Documents/Product/RobinWebSite/Jay/Runtime/Cache/Home/b6cc47dff5388cec632c947006fce958.php 第 39 行.
NOTIC: [8] Undefined variable: outMusic /Users/Robin/Documents/Product/RobinWebSite/Jay/Runtime/Cache/Home/b6cc47dff5388cec632c947006fce958.php 第 39 行.
INFO: Run Behavior\ParseTemplateBehavior [ RunTime:0.005154s ]
INFO: [ view_parse ] --END-- [ RunTime:0.005196s ]
INFO: [ view_filter ] --START--
INFO: Run Behavior\WriteHtmlCacheBehavior [ RunTime:0.000197s ]
INFO: [ view_filter ] --END-- [ RunTime:0.000245s ]
INFO: [ app_end ] --START--
INFO: Run Behavior\ShowPageTraceBehavior [ RunTime:0.000562s ]
INFO: [ app_end ] --END-- [ RunTime:0.000622s ]

[ 2016-06-07T17:40:28+08:00 ] ::1 /
INFO: [ app_init ] --START--
INFO: Run Behavior\BuildLiteBehavior [ RunTime:0.000021s ]
INFO: [ app_init ] --END-- [ RunTime:0.000358s ]
INFO: [ app_begin ] --START--
INFO: Run Behavior\ReadHtmlCacheBehavior [ RunTime:0.000426s ]
INFO: [ app_begin ] --END-- [ RunTime:0.000485s ]
INFO: [ view_parse ] --START--
INFO: [ template_filter ] --START--
INFO: Run Behavior\ContentReplaceBehavior [ RunTime:0.000026s ]
INFO: [ template_filter ] --END-- [ RunTime:0.000057s ]
NOTIC: [8] Undefined variable: outMusic /Users/Robin/Documents/Product/RobinWebSite/Jay/Runtime/Cache/Home/b6cc47dff5388cec632c947006fce958.php 第 17 行.
NOTIC: [8] Undefined variable: albums /Users/Robin/Documents/Product/RobinWebSite/Jay/Runtime/Cache/Home/b6cc47dff5388cec632c947006fce958.php 第 25 行.
NOTIC: [8] Undefined variable: outMusic /Users/Robin/Documents/Product/RobinWebSite/Jay/Runtime/Cache/Home/b6cc47dff5388cec632c947006fce958.php 第 39 行.
NOTIC: [8] Undefined variable: outMusic /Users/Robin/Documents/Product/RobinWebSite/Jay/Runtime/Cache/Home/b6cc47dff5388cec632c947006fce958.php 第 39 行.
NOTIC: [8] Undefined variable: albums /Users/Robin/Documents/Product/RobinWebSite/Jay/Runtime/Cache/Home/b6cc47dff5388cec632c947006fce958.php 第 45 行.
INFO: Run Behavior\ParseTemplateBehavior [ RunTime:0.007576s ]
INFO: [ view_parse ] --END-- [ RunTime:0.007611s ]
INFO: [ view_filter ] --START--
INFO: Run Behavior\WriteHtmlCacheBehavior [ RunTime:0.000087s ]
INFO: [ view_filter ] --END-- [ RunTime:0.000107s ]
INFO: [ app_end ] --START--
INFO: Run Behavior\ShowPageTraceBehavior [ RunTime:0.000231s ]
INFO: [ app_end ] --END-- [ RunTime:0.000254s ]

[ 2016-06-07T17:40:57+08:00 ] ::1 /
INFO: [ app_init ] --START--
INFO: Run Behavior\BuildLiteBehavior [ RunTime:0.000011s ]
INFO: [ app_init ] --END-- [ RunTime:0.000229s ]
INFO: [ app_begin ] --START--
INFO: Run Behavior\ReadHtmlCacheBehavior [ RunTime:0.000252s ]
INFO: [ app_begin ] --END-- [ RunTime:0.000283s ]
INFO: [ view_parse ] --START--
INFO: [ template_filter ] --START--
INFO: Run Behavior\ContentReplaceBehavior [ RunTime:0.000028s ]
INFO: [ template_filter ] --END-- [ RunTime:0.000062s ]
NOTIC: [8] Undefined variable: outMusic /Users/Robin/Documents/Product/RobinWebSite/Jay/Runtime/Cache/Home/b6cc47dff5388cec632c947006fce958.php 第 17 行.
NOTIC: [8] Undefined variable: albums /Users/Robin/Documents/Product/RobinWebSite/Jay/Runtime/Cache/Home/b6cc47dff5388cec632c947006fce958.php 第 25 行.
NOTIC: [8] Undefined variable: outMusic /Users/Robin/Documents/Product/RobinWebSite/Jay/Runtime/Cache/Home/b6cc47dff5388cec632c947006fce958.php 第 39 行.
NOTIC: [8] Undefined variable: outMusic /Users/Robin/Documents/Product/RobinWebSite/Jay/Runtime/Cache/Home/b6cc47dff5388cec632c947006fce958.php 第 39 行.
NOTIC: [8] Undefined variable: albums /Users/Robin/Documents/Product/RobinWebSite/Jay/Runtime/Cache/Home/b6cc47dff5388cec632c947006fce958.php 第 45 行.
INFO: Run Behavior\ParseTemplateBehavior [ RunTime:0.007782s ]
INFO: [ view_parse ] --END-- [ RunTime:0.007814s ]
INFO: [ view_filter ] --START--
INFO: Run Behavior\WriteHtmlCacheBehavior [ RunTime:0.000085s ]
INFO: [ view_filter ] --END-- [ RunTime:0.000105s ]
INFO: [ app_end ] --START--
INFO: Run Behavior\ShowPageTraceBehavior [ RunTime:0.000269s ]
INFO: [ app_end ] --END-- [ RunTime:0.000292s ]

[ 2016-06-07T17:40:59+08:00 ] ::1 /
INFO: [ app_init ] --START--
INFO: Run Behavior\BuildLiteBehavior [ RunTime:0.000007s ]
INFO: [ app_init ] --END-- [ RunTime:0.000157s ]
INFO: [ app_begin ] --START--
INFO: Run Behavior\ReadHtmlCacheBehavior [ RunTime:0.000206s ]
INFO: [ app_begin ] --END-- [ RunTime:0.000231s ]
INFO: [ view_parse ] --START--
INFO: [ template_filter ] --START--
INFO: Run Behavior\ContentReplaceBehavior [ RunTime:0.000020s ]
INFO: [ template_filter ] --END-- [ RunTime:0.000042s ]
NOTIC: [8] Undefined variable: outMusic /Users/Robin/Documents/Product/RobinWebSite/Jay/Runtime/Cache/Home/b6cc47dff5388cec632c947006fce958.php 第 17 行.
NOTIC: [8] Undefined variable: albums /Users/Robin/Documents/Product/RobinWebSite/Jay/Runtime/Cache/Home/b6cc47dff5388cec632c947006fce958.php 第 25 行.
NOTIC: [8] Undefined variable: outMusic /Users/Robin/Documents/Product/RobinWebSite/Jay/Runtime/Cache/Home/b6cc47dff5388cec632c947006fce958.php 第 39 行.
NOTIC: [8] Undefined variable: outMusic /Users/Robin/Documents/Product/RobinWebSite/Jay/Runtime/Cache/Home/b6cc47dff5388cec632c947006fce958.php 第 39 行.
NOTIC: [8] Undefined variable: albums /Users/Robin/Documents/Product/RobinWebSite/Jay/Runtime/Cache/Home/b6cc47dff5388cec632c947006fce958.php 第 45 行.
INFO: Run Behavior\ParseTemplateBehavior [ RunTime:0.004636s ]
INFO: [ view_parse ] --END-- [ RunTime:0.004657s ]
INFO: [ view_filter ] --START--
INFO: Run Behavior\WriteHtmlCacheBehavior [ RunTime:0.000075s ]
INFO: [ view_filter ] --END-- [ RunTime:0.000093s ]
INFO: [ app_end ] --START--
INFO: Run Behavior\ShowPageTraceBehavior [ RunTime:0.000468s ]
INFO: [ app_end ] --END-- [ RunTime:0.000495s ]

[ 2016-06-07T17:42:37+08:00 ] ::1 /
INFO: [ app_init ] --START--
INFO: Run Behavior\BuildLiteBehavior [ RunTime:0.000014s ]
INFO: [ app_init ] --END-- [ RunTime:0.000289s ]
INFO: [ app_begin ] --START--
INFO: Run Behavior\ReadHtmlCacheBehavior [ RunTime:0.000334s ]
INFO: [ app_begin ] --END-- [ RunTime:0.000373s ]
INFO: [ view_parse ] --START--
INFO: [ template_filter ] --START--
INFO: Run Behavior\ContentReplaceBehavior [ RunTime:0.000022s ]
INFO: [ template_filter ] --END-- [ RunTime:0.000053s ]
NOTIC: [8] Undefined variable: outMusic /Users/Robin/Documents/Product/RobinWebSite/Jay/Runtime/Cache/Home/b6cc47dff5388cec632c947006fce958.php 第 17 行.
NOTIC: [8] Undefined variable: albums /Users/Robin/Documents/Product/RobinWebSite/Jay/Runtime/Cache/Home/b6cc47dff5388cec632c947006fce958.php 第 25 行.
NOTIC: [8] Undefined variable: outMusic /Users/Robin/Documents/Product/RobinWebSite/Jay/Runtime/Cache/Home/b6cc47dff5388cec632c947006fce958.php 第 39 行.
NOTIC: [8] Undefined variable: outMusic /Users/Robin/Documents/Product/RobinWebSite/Jay/Runtime/Cache/Home/b6cc47dff5388cec632c947006fce958.php 第 39 行.
NOTIC: [8] Undefined variable: albums /Users/Robin/Documents/Product/RobinWebSite/Jay/Runtime/Cache/Home/b6cc47dff5388cec632c947006fce958.php 第 45 行.
INFO: Run Behavior\ParseTemplateBehavior [ RunTime:0.006187s ]
INFO: [ view_parse ] --END-- [ RunTime:0.006214s ]
INFO: [ view_filter ] --START--
INFO: Run Behavior\WriteHtmlCacheBehavior [ RunTime:0.000080s ]
INFO: [ view_filter ] --END-- [ RunTime:0.000098s ]
INFO: [ app_end ] --START--
INFO: Run Behavior\ShowPageTraceBehavior [ RunTime:0.000244s ]
INFO: [ app_end ] --END-- [ RunTime:0.000264s ]

[ 2016-06-07T17:42:37+08:00 ] ::1 /
INFO: [ app_init ] --START--
INFO: Run Behavior\BuildLiteBehavior [ RunTime:0.000010s ]
INFO: [ app_init ] --END-- [ RunTime:0.000229s ]
INFO: [ app_begin ] --START--
INFO: Run Behavior\ReadHtmlCacheBehavior [ RunTime:0.000273s ]
INFO: [ app_begin ] --END-- [ RunTime:0.000303s ]
INFO: [ view_parse ] --START--
INFO: [ template_filter ] --START--
INFO: Run Behavior\ContentReplaceBehavior [ RunTime:0.000022s ]
INFO: [ template_filter ] --END-- [ RunTime:0.000045s ]
NOTIC: [8] Undefined variable: outMusic /Users/Robin/Documents/Product/RobinWebSite/Jay/Runtime/Cache/Home/b6cc47dff5388cec632c947006fce958.php 第 17 行.
NOTIC: [8] Undefined variable: albums /Users/Robin/Documents/Product/RobinWebSite/Jay/Runtime/Cache/Home/b6cc47dff5388cec632c947006fce958.php 第 25 行.
NOTIC: [8] Undefined variable: outMusic /Users/Robin/Documents/Product/RobinWebSite/Jay/Runtime/Cache/Home/b6cc47dff5388cec632c947006fce958.php 第 39 行.
NOTIC: [8] Undefined variable: outMusic /Users/Robin/Documents/Product/RobinWebSite/Jay/Runtime/Cache/Home/b6cc47dff5388cec632c947006fce958.php 第 39 行.
NOTIC: [8] Undefined variable: albums /Users/Robin/Documents/Product/RobinWebSite/Jay/Runtime/Cache/Home/b6cc47dff5388cec632c947006fce958.php 第 45 行.
INFO: Run Behavior\ParseTemplateBehavior [ RunTime:0.005170s ]
INFO: [ view_parse ] --END-- [ RunTime:0.005195s ]
INFO: [ view_filter ] --START--
INFO: Run Behavior\WriteHtmlCacheBehavior [ RunTime:0.000078s ]
INFO: [ view_filter ] --END-- [ RunTime:0.000096s ]
INFO: [ app_end ] --START--
INFO: Run Behavior\ShowPageTraceBehavior [ RunTime:0.000247s ]
INFO: [ app_end ] --END-- [ RunTime:0.000267s ]

[ 2016-06-07T17:42:53+08:00 ] ::1 /
INFO: [ app_init ] --START--
INFO: Run Behavior\BuildLiteBehavior [ RunTime:0.000007s ]
INFO: [ app_init ] --END-- [ RunTime:0.000166s ]
INFO: [ app_begin ] --START--
INFO: Run Behavior\ReadHtmlCacheBehavior [ RunTime:0.000214s ]
INFO: [ app_begin ] --END-- [ RunTime:0.000238s ]
INFO: [ view_parse ] --START--
INFO: [ template_filter ] --START--
INFO: Run Behavior\ContentReplaceBehavior [ RunTime:0.000024s ]
INFO: [ template_filter ] --END-- [ RunTime:0.000064s ]
NOTIC: [8] Undefined variable: outMusic /Users/Robin/Documents/Product/RobinWebSite/Jay/Runtime/Cache/Home/b6cc47dff5388cec632c947006fce958.php 第 17 行.
NOTIC: [8] Undefined variable: albums /Users/Robin/Documents/Product/RobinWebSite/Jay/Runtime/Cache/Home/b6cc47dff5388cec632c947006fce958.php 第 25 行.
NOTIC: [8] Undefined variable: outMusic /Users/Robin/Documents/Product/RobinWebSite/Jay/Runtime/Cache/Home/b6cc47dff5388cec632c947006fce958.php 第 39 行.
NOTIC: [8] Undefined variable: outMusic /Users/Robin/Documents/Product/RobinWebSite/Jay/Runtime/Cache/Home/b6cc47dff5388cec632c947006fce958.php 第 39 行.
NOTIC: [8] Undefined variable: albums /Users/Robin/Documents/Product/RobinWebSite/Jay/Runtime/Cache/Home/b6cc47dff5388cec632c947006fce958.php 第 45 行.
INFO: Run Behavior\ParseTemplateBehavior [ RunTime:0.006956s ]
INFO: [ view_parse ] --END-- [ RunTime:0.006997s ]
INFO: [ view_filter ] --START--
INFO: Run Behavior\WriteHtmlCacheBehavior [ RunTime:0.000160s ]
INFO: [ view_filter ] --END-- [ RunTime:0.000195s ]
INFO: [ app_end ] --START--
INFO: Run Behavior\ShowPageTraceBehavior [ RunTime:0.000430s ]
INFO: [ app_end ] --END-- [ RunTime:0.000470s ]

[ 2016-06-07T17:42:54+08:00 ] ::1 /
INFO: [ app_init ] --START--
INFO: Run Behavior\BuildLiteBehavior [ RunTime:0.000007s ]
INFO: [ app_init ] --END-- [ RunTime:0.000178s ]
INFO: [ app_begin ] --START--
INFO: Run Behavior\ReadHtmlCacheBehavior [ RunTime:0.000228s ]
INFO: [ app_begin ] --END-- [ RunTime:0.000253s ]
INFO: [ view_parse ] --START--
INFO: [ template_filter ] --START--
INFO: Run Behavior\ContentReplaceBehavior [ RunTime:0.000022s ]
INFO: [ template_filter ] --END-- [ RunTime:0.000048s ]
NOTIC: [8] Undefined variable: outMusic /Users/Robin/Documents/Product/RobinWebSite/Jay/Runtime/Cache/Home/b6cc47dff5388cec632c947006fce958.php 第 17 行.
NOTIC: [8] Undefined variable: albums /Users/Robin/Documents/Product/RobinWebSite/Jay/Runtime/Cache/Home/b6cc47dff5388cec632c947006fce958.php 第 25 行.
NOTIC: [8] Undefined variable: outMusic /Users/Robin/Documents/Product/RobinWebSite/Jay/Runtime/Cache/Home/b6cc47dff5388cec632c947006fce958.php 第 39 行.
NOTIC: [8] Undefined variable: outMusic /Users/Robin/Documents/Product/RobinWebSite/Jay/Runtime/Cache/Home/b6cc47dff5388cec632c947006fce958.php 第 39 行.
NOTIC: [8] Undefined variable: albums /Users/Robin/Documents/Product/RobinWebSite/Jay/Runtime/Cache/Home/b6cc47dff5388cec632c947006fce958.php 第 45 行.
INFO: Run Behavior\ParseTemplateBehavior [ RunTime:0.004880s ]
INFO: [ view_parse ] --END-- [ RunTime:0.004902s ]
INFO: [ view_filter ] --START--
INFO: Run Behavior\WriteHtmlCacheBehavior [ RunTime:0.000081s ]
INFO: [ view_filter ] --END-- [ RunTime:0.000100s ]
INFO: [ app_end ] --START--
INFO: Run Behavior\ShowPageTraceBehavior [ RunTime:0.000225s ]
INFO: [ app_end ] --END-- [ RunTime:0.000245s ]

[ 2016-06-07T17:42:56+08:00 ] ::1 /
INFO: [ app_init ] --START--
INFO: Run Behavior\BuildLiteBehavior [ RunTime:0.000008s ]
INFO: [ app_init ] --END-- [ RunTime:0.000163s ]
INFO: [ app_begin ] --START--
INFO: Run Behavior\ReadHtmlCacheBehavior [ RunTime:0.000208s ]
INFO: [ app_begin ] --END-- [ RunTime:0.000234s ]
INFO: [ view_parse ] --START--
INFO: [ template_filter ] --START--
INFO: Run Behavior\ContentReplaceBehavior [ RunTime:0.000024s ]
INFO: [ template_filter ] --END-- [ RunTime:0.000046s ]
NOTIC: [8] Undefined variable: outMusic /Users/Robin/Documents/Product/RobinWebSite/Jay/Runtime/Cache/Home/b6cc47dff5388cec632c947006fce958.php 第 17 行.
NOTIC: [8] Undefined variable: albums /Users/Robin/Documents/Product/RobinWebSite/Jay/Runtime/Cache/Home/b6cc47dff5388cec632c947006fce958.php 第 25 行.
NOTIC: [8] Undefined variable: outMusic /Users/Robin/Documents/Product/RobinWebSite/Jay/Runtime/Cache/Home/b6cc47dff5388cec632c947006fce958.php 第 39 行.
NOTIC: [8] Undefined variable: outMusic /Users/Robin/Documents/Product/RobinWebSite/Jay/Runtime/Cache/Home/b6cc47dff5388cec632c947006fce958.php 第 39 行.
NOTIC: [8] Undefined variable: albums /Users/Robin/Documents/Product/RobinWebSite/Jay/Runtime/Cache/Home/b6cc47dff5388cec632c947006fce958.php 第 45 行.
INFO: Run Behavior\ParseTemplateBehavior [ RunTime:0.004561s ]
INFO: [ view_parse ] --END-- [ RunTime:0.004582s ]
INFO: [ view_filter ] --START--
INFO: Run Behavior\WriteHtmlCacheBehavior [ RunTime:0.000076s ]
INFO: [ view_filter ] --END-- [ RunTime:0.000094s ]
INFO: [ app_end ] --START--
INFO: Run Behavior\ShowPageTraceBehavior [ RunTime:0.000239s ]
INFO: [ app_end ] --END-- [ RunTime:0.000260s ]

[ 2016-06-07T17:42:56+08:00 ] ::1 /
INFO: [ app_init ] --START--
INFO: Run Behavior\BuildLiteBehavior [ RunTime:0.000020s ]
INFO: [ app_init ] --END-- [ RunTime:0.000391s ]
INFO: [ app_begin ] --START--
INFO: Run Behavior\ReadHtmlCacheBehavior [ RunTime:0.000232s ]
INFO: [ app_begin ] --END-- [ RunTime:0.000256s ]
INFO: [ view_parse ] --START--
INFO: [ template_filter ] --START--
INFO: Run Behavior\ContentReplaceBehavior [ RunTime:0.000034s ]
INFO: [ template_filter ] --END-- [ RunTime:0.000099s ]
NOTIC: [8] Undefined variable: outMusic /Users/Robin/Documents/Product/RobinWebSite/Jay/Runtime/Cache/Home/b6cc47dff5388cec632c947006fce958.php 第 17 行.
NOTIC: [8] Undefined variable: albums /Users/Robin/Documents/Product/RobinWebSite/Jay/Runtime/Cache/Home/b6cc47dff5388cec632c947006fce958.php 第 25 行.
NOTIC: [8] Undefined variable: outMusic /Users/Robin/Documents/Product/RobinWebSite/Jay/Runtime/Cache/Home/b6cc47dff5388cec632c947006fce958.php 第 39 行.
NOTIC: [8] Undefined variable: outMusic /Users/Robin/Documents/Product/RobinWebSite/Jay/Runtime/Cache/Home/b6cc47dff5388cec632c947006fce958.php 第 39 行.
NOTIC: [8] Undefined variable: albums /Users/Robin/Documents/Product/RobinWebSite/Jay/Runtime/Cache/Home/b6cc47dff5388cec632c947006fce958.php 第 45 行.
INFO: Run Behavior\ParseTemplateBehavior [ RunTime:0.005085s ]
INFO: [ view_parse ] --END-- [ RunTime:0.005107s ]
INFO: [ view_filter ] --START--
INFO: Run Behavior\WriteHtmlCacheBehavior [ RunTime:0.000086s ]
INFO: [ view_filter ] --END-- [ RunTime:0.000106s ]
INFO: [ app_end ] --START--
INFO: Run Behavior\ShowPageTraceBehavior [ RunTime:0.000297s ]
INFO: [ app_end ] --END-- [ RunTime:0.000322s ]

[ 2016-06-07T17:43:14+08:00 ] ::1 /
INFO: [ app_init ] --START--
INFO: Run Behavior\BuildLiteBehavior [ RunTime:0.000019s ]
INFO: [ app_init ] --END-- [ RunTime:0.000345s ]
INFO: [ app_begin ] --START--
INFO: Run Behavior\ReadHtmlCacheBehavior [ RunTime:0.000447s ]
INFO: [ app_begin ] --END-- [ RunTime:0.000496s ]
ERR: 非法操作:index

[ 2016-06-07T17:43:33+08:00 ] ::1 /
INFO: [ app_init ] --START--
INFO: Run Behavior\BuildLiteBehavior [ RunTime:0.000008s ]
INFO: [ app_init ] --END-- [ RunTime:0.000223s ]
INFO: [ app_begin ] --START--
INFO: Run Behavior\ReadHtmlCacheBehavior [ RunTime:0.000219s ]
INFO: [ app_begin ] --END-- [ RunTime:0.000245s ]
ERR: 非法操作:index

[ 2016-06-07T17:43:34+08:00 ] ::1 /
INFO: [ app_init ] --START--
INFO: Run Behavior\BuildLiteBehavior [ RunTime:0.000008s ]
INFO: [ app_init ] --END-- [ RunTime:0.000191s ]
INFO: [ app_begin ] --START--
INFO: Run Behavior\ReadHtmlCacheBehavior [ RunTime:0.000243s ]
INFO: [ app_begin ] --END-- [ RunTime:0.000271s ]
ERR: 非法操作:index

[ 2016-06-07T17:43:46+08:00 ] ::1 /
INFO: [ app_init ] --START--
INFO: Run Behavior\BuildLiteBehavior [ RunTime:0.000012s ]
INFO: [ app_init ] --END-- [ RunTime:0.000301s ]
INFO: [ app_begin ] --START--
INFO: Run Behavior\ReadHtmlCacheBehavior [ RunTime:0.000370s ]
INFO: [ app_begin ] --END-- [ RunTime:0.000412s ]
ERR: 非法操作:index

[ 2016-06-07T17:43:47+08:00 ] ::1 /
INFO: [ app_init ] --START--
INFO: Run Behavior\BuildLiteBehavior [ RunTime:0.000008s ]
INFO: [ app_init ] --END-- [ RunTime:0.000188s ]
INFO: [ app_begin ] --START--
INFO: Run Behavior\ReadHtmlCacheBehavior [ RunTime:0.000246s ]
INFO: [ app_begin ] --END-- [ RunTime:0.000273s ]
ERR: 非法操作:index

[ 2016-06-07T17:48:22+08:00 ] ::1 /index.php/Home/Index/index.php
INFO: [ app_init ] --START--
INFO: Run Behavior\BuildLiteBehavior [ RunTime:0.000007s ]
INFO: [ app_init ] --END-- [ RunTime:0.000163s ]
INFO: [ app_begin ] --START--
INFO: Run Behavior\ReadHtmlCacheBehavior [ RunTime:0.000209s ]
INFO: [ app_begin ] --END-- [ RunTime:0.000234s ]
ERR: 非法操作:index.php

[ 2016-06-07T17:48:22+08:00 ] ::1 /index.php/Home/Index/index
INFO: [ app_init ] --START--
INFO: Run Behavior\BuildLiteBehavior [ RunTime:0.000008s ]
INFO: [ app_init ] --END-- [ RunTime:0.000174s ]
INFO: [ app_begin ] --START--
INFO: Run Behavior\ReadHtmlCacheBehavior [ RunTime:0.000238s ]
INFO: [ app_begin ] --END-- [ RunTime:0.000265s ]
ERR: 非法操作:index

[ 2016-06-07T17:53:22+08:00 ] ::1 /index.php/Home/Index/index
INFO: [ app_init ] --START--
INFO: Run Behavior\BuildLiteBehavior [ RunTime:0.000007s ]
INFO: [ app_init ] --END-- [ RunTime:0.000168s ]
INFO: [ app_begin ] --START--
INFO: Run Behavior\ReadHtmlCacheBehavior [ RunTime:0.000216s ]
INFO: [ app_begin ] --END-- [ RunTime:0.000241s ]
ERR: 非法操作:index

[ 2016-06-07T17:54:10+08:00 ] ::1 /index.php/Home/Index/index
INFO: [ app_init ] --START--
INFO: Run Behavior\BuildLiteBehavior [ RunTime:0.000011s ]
INFO: [ app_init ] --END-- [ RunTime:0.000224s ]
INFO: [ app_begin ] --START--
INFO: Run Behavior\ReadHtmlCacheBehavior [ RunTime:0.000504s ]
INFO: [ app_begin ] --END-- [ RunTime:0.000578s ]
ERR: 非法操作:index

[ 2016-06-07T17:54:12+08:00 ] ::1 /index.php/Home/Index/index
INFO: [ app_init ] --START--
INFO: Run Behavior\BuildLiteBehavior [ RunTime:0.000008s ]
INFO: [ app_init ] --END-- [ RunTime:0.000177s ]
INFO: [ app_begin ] --START--
INFO: Run Behavior\ReadHtmlCacheBehavior [ RunTime:0.000208s ]
INFO: [ app_begin ] --END-- [ RunTime:0.000233s ]
ERR: 非法操作:index

[ 2016-06-07T17:54:50+08:00 ] ::1 /index.php/Home/Index/index
INFO: [ app_init ] --START--
INFO: Run Behavior\BuildLiteBehavior [ RunTime:0.000008s ]
INFO: [ app_init ] --END-- [ RunTime:0.000199s ]
INFO: [ app_begin ] --START--
INFO: Run Behavior\ReadHtmlCacheBehavior [ RunTime:0.000248s ]
INFO: [ app_begin ] --END-- [ RunTime:0.000278s ]
INFO: [ app_end ] --START--
INFO: Run Behavior\ShowPageTraceBehavior [ RunTime:0.000239s ]
INFO: [ app_end ] --END-- [ RunTime:0.000267s ]

[ 2016-06-07T17:55:25+08:00 ] ::1 /index.php/Home/Index/index
INFO: [ app_init ] --START--
INFO: Run Behavior\BuildLiteBehavior [ RunTime:0.000009s ]
INFO: [ app_init ] --END-- [ RunTime:0.000191s ]
INFO: [ app_begin ] --START--
INFO: Run Behavior\ReadHtmlCacheBehavior [ RunTime:0.000229s ]
INFO: [ app_begin ] --END-- [ RunTime:0.000256s ]

[ 2016-06-07T17:55:33+08:00 ] ::1 /index.php/Home/Index/index
INFO: [ app_init ] --START--
INFO: Run Behavior\BuildLiteBehavior [ RunTime:0.000009s ]
INFO: [ app_init ] --END-- [ RunTime:0.000210s ]
INFO: [ app_begin ] --START--
INFO: Run Behavior\ReadHtmlCacheBehavior [ RunTime:0.000234s ]
INFO: [ app_begin ] --END-- [ RunTime:0.000262s ]

[ 2016-06-07T17:56:00+08:00 ] ::1 /index.php/Home/Index/index
INFO: [ app_init ] --START--
INFO: Run Behavior\BuildLiteBehavior [ RunTime:0.000007s ]
INFO: [ app_init ] --END-- [ RunTime:0.000179s ]
INFO: [ app_begin ] --START--
INFO: Run Behavior\ReadHtmlCacheBehavior [ RunTime:0.000236s ]
INFO: [ app_begin ] --END-- [ RunTime:0.000265s ]
NOTIC: [2] Illegal string offset 'code' /Users/Robin/Documents/Product/RobinWebSite/Jay/Home/Controller/IndexController.class.php 第 12 行.
NOTIC: [2] Illegal string offset 'data' /Users/Robin/Documents/Product/RobinWebSite/Jay/Home/Controller/IndexController.class.php 第 13 行.
NOTIC: [2] Invalid argument supplied for foreach() /Users/Robin/Documents/Product/RobinWebSite/Jay/Home/Controller/IndexController.class.php 第 14 行.
INFO: [ view_parse ] --START--
INFO: [ template_filter ] --START--
INFO: Run Behavior\ContentReplaceBehavior [ RunTime:0.000035s ]
INFO: [ template_filter ] --END-- [ RunTime:0.000080s ]
NOTIC: [8] Undefined variable: outMusic /Users/Robin/Documents/Product/RobinWebSite/Jay/Runtime/Cache/Home/b6cc47dff5388cec632c947006fce958.php 第 17 行.
NOTIC: [8] Undefined variable: outMusic /Users/Robin/Documents/Product/RobinWebSite/Jay/Runtime/Cache/Home/b6cc47dff5388cec632c947006fce958.php 第 39 行.
NOTIC: [8] Undefined variable: outMusic /Users/Robin/Documents/Product/RobinWebSite/Jay/Runtime/Cache/Home/b6cc47dff5388cec632c947006fce958.php 第 39 行.
INFO: Run Behavior\ParseTemplateBehavior [ RunTime:0.007746s ]
INFO: [ view_parse ] --END-- [ RunTime:0.007786s ]
INFO: [ view_filter ] --START--
INFO: Run Behavior\WriteHtmlCacheBehavior [ RunTime:0.000114s ]
INFO: [ view_filter ] --END-- [ RunTime:0.000140s ]
NOTIC: [2] Cannot modify header information - headers already sent by (output started at /Users/Robin/Documents/Product/RobinWebSite/Jay/Home/Controller/IndexController.class.php:11) /Users/Robin/Documents/Product/RobinWebSite/ThinkPHP/Library/Think/View.class.php 第 91 行.
NOTIC: [2] Cannot modify header information - headers already sent by (output started at /Users/Robin/Documents/Product/RobinWebSite/Jay/Home/Controller/IndexController.class.php:11) /Users/Robin/Documents/Product/RobinWebSite/ThinkPHP/Library/Think/View.class.php 第 92 行.
NOTIC: [2] Cannot modify header information - headers already sent by (output started at /Users/Robin/Documents/Product/RobinWebSite/Jay/Home/Controller/IndexController.class.php:11) /Users/Robin/Documents/Product/RobinWebSite/ThinkPHP/Library/Think/View.class.php 第 93 行.
INFO: [ app_end ] --START--
INFO: Run Behavior\ShowPageTraceBehavior [ RunTime:0.000314s ]
INFO: [ app_end ] --END-- [ RunTime:0.000342s ]

[ 2016-06-07T17:56:29+08:00 ] ::1 /index.php/Home/Index/index
INFO: [ app_init ] --START--
INFO: Run Behavior\BuildLiteBehavior [ RunTime:0.000009s ]
INFO: [ app_init ] --END-- [ RunTime:0.000265s ]
INFO: [ app_begin ] --START--
INFO: Run Behavior\ReadHtmlCacheBehavior [ RunTime:0.000270s ]
INFO: [ app_begin ] --END-- [ RunTime:0.000299s ]

[ 2016-06-07T17:57:07+08:00 ] ::1 /index.php/Home/Index/index
INFO: [ app_init ] --START--
INFO: Run Behavior\BuildLiteBehavior [ RunTime:0.000008s ]
INFO: [ app_init ] --END-- [ RunTime:0.000219s ]
INFO: [ app_begin ] --START--
INFO: Run Behavior\ReadHtmlCacheBehavior [ RunTime:0.000330s ]
INFO: [ app_begin ] --END-- [ RunTime:0.000357s ]

[ 2016-06-07T17:57:08+08:00 ] ::1 /index.php/Home/Index/index
INFO: [ app_init ] --START--
INFO: Run Behavior\BuildLiteBehavior [ RunTime:0.000010s ]
INFO: [ app_init ] --END-- [ RunTime:0.000197s ]
INFO: [ app_begin ] --START--
INFO: Run Behavior\ReadHtmlCacheBehavior [ RunTime:0.000262s ]
INFO: [ app_begin ] --END-- [ RunTime:0.000290s ]

[ 2016-06-07T17:57:09+08:00 ] ::1 /index.php/Home/Index/index
INFO: [ app_init ] --START--
INFO: Run Behavior\BuildLiteBehavior [ RunTime:0.000009s ]
INFO: [ app_init ] --END-- [ RunTime:0.000198s ]
INFO: [ app_begin ] --START--
INFO: Run Behavior\ReadHtmlCacheBehavior [ RunTime:0.000261s ]
INFO: [ app_begin ] --END-- [ RunTime:0.000290s ]

[ 2016-06-07T17:57:15+08:00 ] ::1 /index.php/Home/Index/index
INFO: [ app_init ] --START--
INFO: Run Behavior\BuildLiteBehavior [ RunTime:0.000008s ]
INFO: [ app_init ] --END-- [ RunTime:0.000178s ]
INFO: [ app_begin ] --START--
INFO: Run Behavior\ReadHtmlCacheBehavior [ RunTime:0.000244s ]
INFO: [ app_begin ] --END-- [ RunTime:0.000273s ]

[ 2016-06-07T17:58:51+08:00 ] ::1 /index.php/Home/Index/index
INFO: [ app_init ] --START--
INFO: Run Behavior\BuildLiteBehavior [ RunTime:0.000007s ]
INFO: [ app_init ] --END-- [ RunTime:0.000179s ]
INFO: [ app_begin ] --START--
INFO: Run Behavior\ReadHtmlCacheBehavior [ RunTime:0.000207s ]
INFO: [ app_begin ] --END-- [ RunTime:0.000232s ]
INFO: [ view_parse ] --START--
INFO: [ template_filter ] --START--
INFO: Run Behavior\ContentReplaceBehavior [ RunTime:0.000031s ]
INFO: [ template_filter ] --END-- [ RunTime:0.000071s ]
NOTIC: [8] Undefined variable: outMusic /Users/Robin/Documents/Product/RobinWebSite/Jay/Runtime/Cache/Home/b6cc47dff5388cec632c947006fce958.php 第 17 行.
NOTIC: [8] Undefined index: musics /Users/Robin/Documents/Product/RobinWebSite/Jay/Runtime/Cache/Home/b6cc47dff5388cec632c947006fce958.php 第 28 行.
NOTIC: [8] Undefined index: musics /Users/Robin/Documents/Product/RobinWebSite/Jay/Runtime/Cache/Home/b6cc47dff5388cec632c947006fce958.php 第 28 行.
NOTIC: [8] Undefined index: musics /Users/Robin/Documents/Product/RobinWebSite/Jay/Runtime/Cache/Home/b6cc47dff5388cec632c947006fce958.php 第 28 行.
NOTIC: [8] Undefined index: musics /Users/Robin/Documents/Product/RobinWebSite/Jay/Runtime/Cache/Home/b6cc47dff5388cec632c947006fce958.php 第 28 行.
NOTIC: [8] Undefined index: musics /Users/Robin/Documents/Product/RobinWebSite/Jay/Runtime/Cache/Home/b6cc47dff5388cec632c947006fce958.php 第 28 行.
NOTIC: [8] Undefined index: musics /Users/Robin/Documents/Product/RobinWebSite/Jay/Runtime/Cache/Home/b6cc47dff5388cec632c947006fce958.php 第 28 行.
NOTIC: [8] Undefined index: musics /Users/Robin/Documents/Product/RobinWebSite/Jay/Runtime/Cache/Home/b6cc47dff5388cec632c947006fce958.php 第 28 行.
NOTIC: [8] Undefined index: musics /Users/Robin/Documents/Product/RobinWebSite/Jay/Runtime/Cache/Home/b6cc47dff5388cec632c947006fce958.php 第 28 行.
NOTIC: [8] Undefined index: musics /Users/Robin/Documents/Product/RobinWebSite/Jay/Runtime/Cache/Home/b6cc47dff5388cec632c947006fce958.php 第 28 行.
NOTIC: [8] Undefined index: musics /Users/Robin/Documents/Product/RobinWebSite/Jay/Runtime/Cache/Home/b6cc47dff5388cec632c947006fce958.php 第 28 行.
NOTIC: [8] Undefined variable: outMusic /Users/Robin/Documents/Product/RobinWebSite/Jay/Runtime/Cache/Home/b6cc47dff5388cec632c947006fce958.php 第 39 行.
NOTIC: [8] Undefined variable: outMusic /Users/Robin/Documents/Product/RobinWebSite/Jay/Runtime/Cache/Home/b6cc47dff5388cec632c947006fce958.php 第 39 行.
INFO: Run Behavior\ParseTemplateBehavior [ RunTime:0.006372s ]
INFO: [ view_parse ] --END-- [ RunTime:0.006417s ]
INFO: [ view_filter ] --START--
INFO: Run Behavior\WriteHtmlCacheBehavior [ RunTime:0.000119s ]
INFO: [ view_filter ] --END-- [ RunTime:0.000146s ]
NOTIC: [2] Cannot modify header information - headers already sent by (output started at /Users/Robin/Documents/Product/RobinWebSite/Jay/Home/Controller/IndexController.class.php:10) /Users/Robin/Documents/Product/RobinWebSite/ThinkPHP/Library/Think/View.class.php 第 91 行.
NOTIC: [2] Cannot modify header information - headers already sent by (output started at /Users/Robin/Documents/Product/RobinWebSite/Jay/Home/Controller/IndexController.class.php:10) /Users/Robin/Documents/Product/RobinWebSite/ThinkPHP/Library/Think/View.class.php 第 92 行.
NOTIC: [2] Cannot modify header information - headers already sent by (output started at /Users/Robin/Documents/Product/RobinWebSite/Jay/Home/Controller/IndexController.class.php:10) /Users/Robin/Documents/Product/RobinWebSite/ThinkPHP/Library/Think/View.class.php 第 93 行.
INFO: [ app_end ] --START--
INFO: Run Behavior\ShowPageTraceBehavior [ RunTime:0.000337s ]
INFO: [ app_end ] --END-- [ RunTime:0.000368s ]

[ 2016-06-07T18:01:57+08:00 ] ::1 /index.php/Home/Index/index
INFO: [ app_init ] --START--
INFO: Run Behavior\BuildLiteBehavior [ RunTime:0.000007s ]
INFO: [ app_init ] --END-- [ RunTime:0.000178s ]
INFO: [ app_begin ] --START--
INFO: Run Behavior\ReadHtmlCacheBehavior [ RunTime:0.000250s ]
INFO: [ app_begin ] --END-- [ RunTime:0.000279s ]
NOTIC: [2] Invalid argument supplied for foreach() /Users/Robin/Documents/Product/RobinWebSite/Jay/Home/Controller/IndexController.class.php 第 23 行.
NOTIC: [2] Invalid argument supplied for foreach() /Users/Robin/Documents/Product/RobinWebSite/Jay/Home/Controller/IndexController.class.php 第 23 行.
NOTIC: [2] Invalid argument supplied for foreach() /Users/Robin/Documents/Product/RobinWebSite/Jay/Home/Controller/IndexController.class.php 第 23 行.
NOTIC: [2] Invalid argument supplied for foreach() /Users/Robin/Documents/Product/RobinWebSite/Jay/Home/Controller/IndexController.class.php 第 23 行.
NOTIC: [2] Invalid argument supplied for foreach() /Users/Robin/Documents/Product/RobinWebSite/Jay/Home/Controller/IndexController.class.php 第 23 行.
NOTIC: [2] Invalid argument supplied for foreach() /Users/Robin/Documents/Product/RobinWebSite/Jay/Home/Controller/IndexController.class.php 第 23 行.
NOTIC: [2] Invalid argument supplied for foreach() /Users/Robin/Documents/Product/RobinWebSite/Jay/Home/Controller/IndexController.class.php 第 23 行.
NOTIC: [2] Invalid argument supplied for foreach() /Users/Robin/Documents/Product/RobinWebSite/Jay/Home/Controller/IndexController.class.php 第 23 行.
NOTIC: [2] Invalid argument supplied for foreach() /Users/Robin/Documents/Product/RobinWebSite/Jay/Home/Controller/IndexController.class.php 第 23 行.
NOTIC: [2] Invalid argument supplied for foreach() /Users/Robin/Documents/Product/RobinWebSite/Jay/Home/Controller/IndexController.class.php 第 23 行.
INFO: [ view_parse ] --START--
INFO: [ template_filter ] --START--
INFO: Run Behavior\ContentReplaceBehavior [ RunTime:0.000031s ]
INFO: [ template_filter ] --END-- [ RunTime:0.000070s ]
NOTIC: [8] Undefined variable: outMusic /Users/Robin/Documents/Product/RobinWebSite/Jay/Runtime/Cache/Home/b6cc47dff5388cec632c947006fce958.php 第 17 行.
NOTIC: [8] Undefined variable: outMusic /Users/Robin/Documents/Product/RobinWebSite/Jay/Runtime/Cache/Home/b6cc47dff5388cec632c947006fce958.php 第 39 行.
NOTIC: [8] Undefined variable: outMusic /Users/Robin/Documents/Product/RobinWebSite/Jay/Runtime/Cache/Home/b6cc47dff5388cec632c947006fce958.php 第 39 行.
INFO: Run Behavior\ParseTemplateBehavior [ RunTime:0.006425s ]
INFO: [ view_parse ] --END-- [ RunTime:0.006470s ]
INFO: [ view_filter ] --START--
INFO: Run Behavior\WriteHtmlCacheBehavior [ RunTime:0.000126s ]
INFO: [ view_filter ] --END-- [ RunTime:0.000157s ]
INFO: [ app_end ] --START--
INFO: Run Behavior\ShowPageTraceBehavior [ RunTime:0.000352s ]
INFO: [ app_end ] --END-- [ RunTime:0.000386s ]

[ 2016-06-07T18:02:46+08:00 ] ::1 /index.php/Home/Index/index
INFO: [ app_init ] --START--
INFO: Run Behavior\BuildLiteBehavior [ RunTime:0.000008s ]
INFO: [ app_init ] --END-- [ RunTime:0.000174s ]
INFO: [ app_begin ] --START--
INFO: Run Behavior\ReadHtmlCacheBehavior [ RunTime:0.000220s ]
INFO: [ app_begin ] --END-- [ RunTime:0.000247s ]
INFO: [ view_parse ] --START--
INFO: [ template_filter ] --START--
INFO: Run Behavior\ContentReplaceBehavior [ RunTime:0.000029s ]
INFO: [ template_filter ] --END-- [ RunTime:0.000070s ]
NOTIC: [8] Undefined variable: outMusic /Users/Robin/Documents/Product/RobinWebSite/Jay/Runtime/Cache/Home/b6cc47dff5388cec632c947006fce958.php 第 17 行.
NOTIC: [8] Undefined variable: outMusic /Users/Robin/Documents/Product/RobinWebSite/Jay/Runtime/Cache/Home/b6cc47dff5388cec632c947006fce958.php 第 39 行.
NOTIC: [8] Undefined variable: outMusic /Users/Robin/Documents/Product/RobinWebSite/Jay/Runtime/Cache/Home/b6cc47dff5388cec632c947006fce958.php 第 39 行.
INFO: Run Behavior\ParseTemplateBehavior [ RunTime:0.006350s ]
INFO: [ view_parse ] --END-- [ RunTime:0.006396s ]
INFO: [ view_filter ] --START--
INFO: Run Behavior\WriteHtmlCacheBehavior [ RunTime:0.000121s ]
INFO: [ view_filter ] --END-- [ RunTime:0.000151s ]
INFO: [ app_end ] --START--
INFO: Run Behavior\ShowPageTraceBehavior [ RunTime:0.000360s ]
INFO: [ app_end ] --END-- [ RunTime:0.000392s ]

[ 2016-06-07T18:04:44+08:00 ] ::1 /index.php/Home/Index/index
INFO: [ app_init ] --START--
INFO: Run Behavior\BuildLiteBehavior [ RunTime:0.000011s ]
INFO: [ app_init ] --END-- [ RunTime:0.000188s ]
INFO: [ app_begin ] --START--
INFO: Run Behavior\ReadHtmlCacheBehavior [ RunTime:0.000294s ]
INFO: [ app_begin ] --END-- [ RunTime:0.000327s ]
INFO: [ view_parse ] --START--
INFO: [ template_filter ] --START--
INFO: Run Behavior\ContentReplaceBehavior [ RunTime:0.000031s ]
INFO: [ template_filter ] --END-- [ RunTime:0.000071s ]
NOTIC: [8] Undefined variable: outMusic /Users/Robin/Documents/Product/RobinWebSite/Jay/Runtime/Cache/Home/b6cc47dff5388cec632c947006fce958.php 第 17 行.
NOTIC: [8] Undefined variable: outMusic /Users/Robin/Documents/Product/RobinWebSite/Jay/Runtime/Cache/Home/b6cc47dff5388cec632c947006fce958.php 第 39 行.
NOTIC: [8] Undefined variable: outMusic /Users/Robin/Documents/Product/RobinWebSite/Jay/Runtime/Cache/Home/b6cc47dff5388cec632c947006fce958.php 第 39 行.
INFO: Run Behavior\ParseTemplateBehavior [ RunTime:0.006414s ]
INFO: [ view_parse ] --END-- [ RunTime:0.006461s ]
INFO: [ view_filter ] --START--
INFO: Run Behavior\WriteHtmlCacheBehavior [ RunTime:0.000120s ]
INFO: [ view_filter ] --END-- [ RunTime:0.000149s ]
INFO: [ app_end ] --START--
INFO: Run Behavior\ShowPageTraceBehavior [ RunTime:0.000315s ]
INFO: [ app_end ] --END-- [ RunTime:0.000357s ]

[ 2016-06-07T18:04:48+08:00 ] ::1 /index.php/Home/Index?id=6
INFO: [ app_init ] --START--
INFO: Run Behavior\BuildLiteBehavior [ RunTime:0.000007s ]
INFO: [ app_init ] --END-- [ RunTime:0.000203s ]
INFO: [ app_begin ] --START--
INFO: Run Behavior\ReadHtmlCacheBehavior [ RunTime:0.000246s ]
INFO: [ app_begin ] --END-- [ RunTime:0.000274s ]

[ 2016-06-07T18:04:49+08:00 ] ::1 /index.php/Home/Index?id=6
INFO: [ app_init ] --START--
INFO: Run Behavior\BuildLiteBehavior [ RunTime:0.000008s ]
INFO: [ app_init ] --END-- [ RunTime:0.000199s ]
INFO: [ app_begin ] --START--
INFO: Run Behavior\ReadHtmlCacheBehavior [ RunTime:0.000247s ]
INFO: [ app_begin ] --END-- [ RunTime:0.000276s ]

[ 2016-06-07T18:05:00+08:00 ] ::1 /index.php/Home/Index?id=6
INFO: [ app_init ] --START--
INFO: Run Behavior\BuildLiteBehavior [ RunTime:0.000009s ]
INFO: [ app_init ] --END-- [ RunTime:0.000194s ]
INFO: [ app_begin ] --START--
INFO: Run Behavior\ReadHtmlCacheBehavior [ RunTime:0.000373s ]
INFO: [ app_begin ] --END-- [ RunTime:0.000409s ]
NOTIC: [8] Undefined index: album_id /Users/Robin/Documents/Product/RobinWebSite/Jay/Home/Controller/IndexController.class.php 第 41 行.
INFO: [ view_parse ] --START--
INFO: [ template_filter ] --START--
INFO: Run Behavior\ContentReplaceBehavior [ RunTime:0.000031s ]
INFO: [ template_filter ] --END-- [ RunTime:0.000069s ]
INFO: Run Behavior\ParseTemplateBehavior [ RunTime:0.006343s ]
INFO: [ view_parse ] --END-- [ RunTime:0.006389s ]
INFO: [ view_filter ] --START--
INFO: Run Behavior\WriteHtmlCacheBehavior [ RunTime:0.000121s ]
INFO: [ view_filter ] --END-- [ RunTime:0.000149s ]
INFO: [ app_end ] --START--
INFO: Run Behavior\ShowPageTraceBehavior [ RunTime:0.000336s ]
INFO: [ app_end ] --END-- [ RunTime:0.000369s ]

[ 2016-06-07T18:05:09+08:00 ] ::1 /index.php/Home/Index?id=13
INFO: [ app_init ] --START--
INFO: Run Behavior\BuildLiteBehavior [ RunTime:0.000007s ]
INFO: [ app_init ] --END-- [ RunTime:0.000165s ]
INFO: [ app_begin ] --START--
INFO: Run Behavior\ReadHtmlCacheBehavior [ RunTime:0.000208s ]
INFO: [ app_begin ] --END-- [ RunTime:0.000233s ]
NOTIC: [8] Undefined index: album_id /Users/Robin/Documents/Product/RobinWebSite/Jay/Home/Controller/IndexController.class.php 第 41 行.
INFO: [ view_parse ] --START--
INFO: [ template_filter ] --START--
INFO: Run Behavior\ContentReplaceBehavior [ RunTime:0.000032s ]
INFO: [ template_filter ] --END-- [ RunTime:0.000071s ]
INFO: Run Behavior\ParseTemplateBehavior [ RunTime:0.006321s ]
INFO: [ view_parse ] --END-- [ RunTime:0.006367s ]
INFO: [ view_filter ] --START--
INFO: Run Behavior\WriteHtmlCacheBehavior [ RunTime:0.000120s ]
INFO: [ view_filter ] --END-- [ RunTime:0.000152s ]
INFO: [ app_end ] --START--
INFO: Run Behavior\ShowPageTraceBehavior [ RunTime:0.000350s ]
INFO: [ app_end ] --END-- [ RunTime:0.000384s ]

[ 2016-06-07T18:05:10+08:00 ] ::1 /index.php/Home/Index?id=13
INFO: [ app_init ] --START--
INFO: Run Behavior\BuildLiteBehavior [ RunTime:0.000014s ]
INFO: [ app_init ] --END-- [ RunTime:0.000274s ]
INFO: [ app_begin ] --START--
INFO: Run Behavior\ReadHtmlCacheBehavior [ RunTime:0.000246s ]
INFO: [ app_begin ] --END-- [ RunTime:0.000274s ]
NOTIC: [8] Undefined index: album_id /Users/Robin/Documents/Product/RobinWebSite/Jay/Home/Controller/IndexController.class.php 第 41 行.
INFO: [ view_parse ] --START--
INFO: [ template_filter ] --START--
INFO: Run Behavior\ContentReplaceBehavior [ RunTime:0.000022s ]
INFO: [ template_filter ] --END-- [ RunTime:0.000051s ]
INFO: Run Behavior\ParseTemplateBehavior [ RunTime:0.003978s ]
INFO: [ view_parse ] --END-- [ RunTime:0.004006s ]
INFO: [ view_filter ] --START--
INFO: Run Behavior\WriteHtmlCacheBehavior [ RunTime:0.000083s ]
INFO: [ view_filter ] --END-- [ RunTime:0.000102s ]
INFO: [ app_end ] --START--
INFO: Run Behavior\ShowPageTraceBehavior [ RunTime:0.000273s ]
INFO: [ app_end ] --END-- [ RunTime:0.000304s ]

[ 2016-06-07T18:06:21+08:00 ] ::1 /index.php/Home/Index?id=13
INFO: [ app_init ] --START--
INFO: Run Behavior\BuildLiteBehavior [ RunTime:0.000007s ]
INFO: [ app_init ] --END-- [ RunTime:0.000175s ]
INFO: [ app_begin ] --START--
INFO: Run Behavior\ReadHtmlCacheBehavior [ RunTime:0.000210s ]
INFO: [ app_begin ] --END-- [ RunTime:0.000234s ]
INFO: [ view_parse ] --START--
INFO: [ template_filter ] --START--
INFO: Run Behavior\ContentReplaceBehavior [ RunTime:0.000029s ]
INFO: [ template_filter ] --END-- [ RunTime:0.000068s ]
INFO: Run Behavior\ParseTemplateBehavior [ RunTime:0.006629s ]
INFO: [ view_parse ] --END-- [ RunTime:0.006681s ]
INFO: [ view_filter ] --START--
INFO: Run Behavior\WriteHtmlCacheBehavior [ RunTime:0.000117s ]
INFO: [ view_filter ] --END-- [ RunTime:0.000146s ]
INFO: [ app_end ] --START--
INFO: Run Behavior\ShowPageTraceBehavior [ RunTime:0.000340s ]
INFO: [ app_end ] --END-- [ RunTime:0.000376s ]

